<?xml version="1.0" encoding="UTF-8"?>
<!-- Generated by org.testng.reporters.JUnitReportReporter -->
<testsuite hostname="LAP00207" failures="0" tests="1" name="com.framework.Tests.MytraTest" time="1.408" errors="0" timestamp="2024-06-26T11:44:46 IST" skipped="0">
  <testcase classname="com.framework.Tests.MytraTest" name="mytraTest" time="1.408"/>
  <system-out/>
</testsuite> <!-- com.framework.Tests.MytraTest -->
