<?xml version="1.0" encoding="UTF-8"?>
<!-- Generated by org.testng.reporters.JUnitReportReporter -->
<testsuite hostname="LAP00207" failures="0" tests="1" name="com.framework.Tests.Divami" time="7.482" errors="0" timestamp="2024-06-26T11:44:46 IST" skipped="0">
  <testcase classname="com.framework.Tests.Divami" name="divamiTest" time="7.482"/>
  <system-out/>
</testsuite> <!-- com.framework.Tests.Divami -->
