<?xml version="1.0" encoding="UTF-8"?>
<!-- Generated by org.testng.reporters.JUnitReportReporter -->
<testsuite hostname="LAP00207" failures="0" tests="1" name="com.framework.Tests.Divami" time="7.910" errors="0" timestamp="2024-06-27T10:58:47 IST" skipped="0">
  <testcase classname="com.framework.Tests.Divami" name="divamiTest" time="7.910"/>
</testsuite> <!-- com.framework.Tests.Divami -->
