<?xml version="1.0" encoding="UTF-8"?>
<!-- Generated by org.testng.reporters.JUnitReportReporter -->
<testsuite hostname="LAP00207" failures="0" tests="1" name="com.framework.Tests.Filpkart" time="2.507" errors="0" timestamp="2024-06-26T14:33:45 IST" skipped="0">
  <testcase classname="com.framework.Tests.Filpkart" name="filpkartTest" time="2.507"/>
</testsuite> <!-- com.framework.Tests.Filpkart -->
